<?xml version="1.0" encoding="UTF-8"?>
<testsuite xmlns:xsi="http://www.w3.org/2001/XMLSchema-instance" xsi:noNamespaceSchemaLocation="https://maven.apache.org/surefire/maven-surefire-plugin/xsd/surefire-test-report.xsd" name="uta.cse3310.LobbyTest" time="0.116" tests="4" errors="0" skipped="0" failures="0">
  <properties>
    <property name="sun.desktop" value="windows"/>
    <property name="awt.toolkit" value="sun.awt.windows.WToolkit"/>
    <property name="java.specification.version" value="11"/>
    <property name="sun.cpu.isalist" value="amd64"/>
    <property name="sun.jnu.encoding" value="Cp1252"/>
    <property name="java.class.path" value="C:\Users\aasth\Downloads\cse3310_sp24_group_21-3\target\test-classes;C:\Users\aasth\Downloads\cse3310_sp24_group_21-3\target\classes;C:\Users\aasth\.m2\repository\junit\junit\4.13.2\junit-4.13.2.jar;C:\Users\aasth\.m2\repository\org\hamcrest\hamcrest-core\1.3\hamcrest-core-1.3.jar;C:\Users\aasth\.m2\repository\com\google\code\gson\gson\2.9.1\gson-2.9.1.jar;C:\Users\aasth\.m2\repository\net\freeutils\jlhttp\2.6\jlhttp-2.6.jar;C:\Users\aasth\.m2\repository\org\java-websocket\Java-WebSocket\1.5.4\Java-WebSocket-1.5.4.jar;C:\Users\aasth\.m2\repository\org\slf4j\slf4j-api\2.0.6\slf4j-api-2.0.6.jar;"/>
    <property name="java.vm.vendor" value="Oracle Corporation"/>
    <property name="sun.arch.data.model" value="64"/>
    <property name="user.variant" value=""/>
    <property name="java.vendor.url" value="https://openjdk.java.net/"/>
    <property name="user.timezone" value="America/Chicago"/>
    <property name="java.vm.specification.version" value="11"/>
    <property name="os.name" value="Windows 11"/>
    <property name="sun.java.launcher" value="SUN_STANDARD"/>
    <property name="user.country" value="US"/>
    <property name="sun.boot.library.path" value="C:\Program Files\Java\jdk-11\bin"/>
    <property name="sun.java.command" value="C:\Users\aasth\AppData\Local\Temp\surefire17113000381592993804\surefirebooter10919201069729900730.jar C:\Users\aasth\AppData\Local\Temp\surefire17113000381592993804 2024-04-26T13-38-48_130-jvmRun1 surefire15544625534713301632tmp surefire_05139166781200617108tmp"/>
    <property name="jdk.debug" value="release"/>
    <property name="surefire.test.class.path" value="C:\Users\aasth\Downloads\cse3310_sp24_group_21-3\target\test-classes;C:\Users\aasth\Downloads\cse3310_sp24_group_21-3\target\classes;C:\Users\aasth\.m2\repository\junit\junit\4.13.2\junit-4.13.2.jar;C:\Users\aasth\.m2\repository\org\hamcrest\hamcrest-core\1.3\hamcrest-core-1.3.jar;C:\Users\aasth\.m2\repository\com\google\code\gson\gson\2.9.1\gson-2.9.1.jar;C:\Users\aasth\.m2\repository\net\freeutils\jlhttp\2.6\jlhttp-2.6.jar;C:\Users\aasth\.m2\repository\org\java-websocket\Java-WebSocket\1.5.4\Java-WebSocket-1.5.4.jar;C:\Users\aasth\.m2\repository\org\slf4j\slf4j-api\2.0.6\slf4j-api-2.0.6.jar;"/>
    <property name="sun.cpu.endian" value="little"/>
    <property name="user.home" value="C:\Users\aasth"/>
    <property name="user.language" value="en"/>
    <property name="java.specification.vendor" value="Oracle Corporation"/>
    <property name="java.version.date" value="2023-10-17"/>
    <property name="java.home" value="C:\Program Files\Java\jdk-11"/>
    <property name="file.separator" value="\"/>
    <property name="basedir" value="C:\Users\aasth\Downloads\cse3310_sp24_group_21-3"/>
    <property name="java.vm.compressedOopsMode" value="32-bit"/>
    <property name="line.separator" value="&#10;"/>
    <property name="java.specification.name" value="Java Platform API Specification"/>
    <property name="java.vm.specification.vendor" value="Oracle Corporation"/>
    <property name="java.awt.graphicsenv" value="sun.awt.Win32GraphicsEnvironment"/>
    <property name="surefire.real.class.path" value="C:\Users\aasth\AppData\Local\Temp\surefire17113000381592993804\surefirebooter10919201069729900730.jar"/>
    <property name="user.script" value=""/>
    <property name="sun.management.compiler" value="HotSpot 64-Bit Tiered Compilers"/>
    <property name="java.runtime.version" value="11.0.21+9-LTS-193"/>
    <property name="user.name" value="aasth"/>
    <property name="path.separator" value=";"/>
    <property name="os.version" value="10.0"/>
    <property name="java.runtime.name" value="Java(TM) SE Runtime Environment"/>
    <property name="file.encoding" value="Cp1252"/>
    <property name="java.vm.name" value="Java HotSpot(TM) 64-Bit Server VM"/>
    <property name="java.vendor.version" value="18.9"/>
    <property name="localRepository" value="C:\Users\aasth\.m2\repository"/>
    <property name="java.vendor.url.bug" value="https://bugreport.java.com/bugreport/"/>
    <property name="java.io.tmpdir" value="C:\Users\aasth\AppData\Local\Temp\"/>
    <property name="java.version" value="11.0.21"/>
    <property name="user.dir" value="C:\Users\aasth\Downloads\cse3310_sp24_group_21-3"/>
    <property name="os.arch" value="amd64"/>
    <property name="java.vm.specification.name" value="Java Virtual Machine Specification"/>
    <property name="java.awt.printerjob" value="sun.awt.windows.WPrinterJob"/>
    <property name="sun.os.patch.level" value=""/>
    <property name="java.library.path" value="C:\Program Files\Java\jdk-11\bin;C:\WINDOWS\Sun\Java\bin;C:\WINDOWS\system32;C:\WINDOWS;C:\Program Files\Python312\Scripts\;C:\Program Files\Python312\;C:\Program Files\Common Files\Oracle\Java\javapath;C:\Program Files (x86)\VMware\VMware Player\bin\;C:\WINDOWS\system32;C:\WINDOWS;C:\WINDOWS\System32\Wbem;C:\WINDOWS\System32\WindowsPowerShell\v1.0\;C:\WINDOWS\System32\OpenSSH\;C:\MinGW\bin;C:\Program Files (x86)\Pulse Secure\VC142.CRT\X64\;C:\Program Files (x86)\Pulse Secure\VC142.CRT\X86\;C:\Program Files (x86)\Git\cmd;C:\Program Files\Java\jdk-17\bin;C:\Program Files\apache-maven-3.9.6\bin;C:\Program Files\Java\jdk-11\bin;C:\Program Files\nodejs\;C:\Users\aasth\AppData\Local\Microsoft\WindowsApps;C:\Users\aasth\AppData\Local\Programs\Microsoft VS Code\bin;C:\MinGW\bin;C:\Users\aasth\AppData\Roaming\npm;C:\Program Files\apache-maven-3.9.6\bin;."/>
    <property name="java.vendor" value="Oracle Corporation"/>
    <property name="java.vm.info" value="mixed mode"/>
    <property name="java.vm.version" value="11.0.21+9-LTS-193"/>
    <property name="java.specification.maintenance.version" value="2"/>
    <property name="sun.io.unicode.encoding" value="UnicodeLittle"/>
    <property name="java.class.version" value="55.0"/>
  </properties>
  <testcase name="testStartGame" classname="uta.cse3310.LobbyTest" time="0.011"/>
  <testcase name="testJoinGame" classname="uta.cse3310.LobbyTest" time="0"/>
  <testcase name="testGetPlayers" classname="uta.cse3310.LobbyTest" time="0"/>
  <testcase name="testCreateGame" classname="uta.cse3310.LobbyTest" time="0"/>
</testsuite>